<?xml version="1.0" encoding="UTF-8"?>
<testsuite xmlns:xsi="http://www.w3.org/2001/XMLSchema-instance" xsi:noNamespaceSchemaLocation="https://maven.apache.org/surefire/maven-surefire-plugin/xsd/surefire-test-report.xsd" name="selenium.ExampleSeleniumTest" time="6.253" tests="3" errors="3" skipped="0" failures="0">
  <properties>
    <property name="sun.desktop" value="gnome"/>
    <property name="awt.toolkit" value="sun.awt.X11.XToolkit"/>
    <property name="java.specification.version" value="11"/>
    <property name="sun.cpu.isalist" value=""/>
    <property name="sun.jnu.encoding" value="UTF-8"/>
    <property name="java.class.path" value="/home/nicholas/Documents/GitHub/SEG3503_Playground/Lab6/BookstoreApp/target/test-classes:/home/nicholas/Documents/GitHub/SEG3503_Playground/Lab6/BookstoreApp/target/classes:/home/nicholas/.m2/repository/io/cucumber/cucumber-java/4.2.6/cucumber-java-4.2.6.jar:/home/nicholas/.m2/repository/io/cucumber/cucumber-core/4.2.6/cucumber-core-4.2.6.jar:/home/nicholas/.m2/repository/io/cucumber/cucumber-html/0.2.7/cucumber-html-0.2.7.jar:/home/nicholas/.m2/repository/io/cucumber/gherkin/5.1.0/gherkin-5.1.0.jar:/home/nicholas/.m2/repository/io/cucumber/tag-expressions/1.1.1/tag-expressions-1.1.1.jar:/home/nicholas/.m2/repository/io/cucumber/cucumber-expressions/6.2.0/cucumber-expressions-6.2.0.jar:/home/nicholas/.m2/repository/io/cucumber/datatable/1.1.12/datatable-1.1.12.jar:/home/nicholas/.m2/repository/io/cucumber/datatable-dependencies/1.1.12/datatable-dependencies-1.1.12.jar:/home/nicholas/.m2/repository/io/cucumber/cucumber-junit/4.2.6/cucumber-junit-4.2.6.jar:/home/nicholas/.m2/repository/junit/junit/4.12/junit-4.12.jar:/home/nicholas/.m2/repository/org/hamcrest/hamcrest-core/1.3/hamcrest-core-1.3.jar:/home/nicholas/.m2/repository/org/seleniumhq/selenium/selenium-java/3.141.59/selenium-java-3.141.59.jar:/home/nicholas/.m2/repository/org/seleniumhq/selenium/selenium-api/3.141.59/selenium-api-3.141.59.jar:/home/nicholas/.m2/repository/org/seleniumhq/selenium/selenium-chrome-driver/3.141.59/selenium-chrome-driver-3.141.59.jar:/home/nicholas/.m2/repository/org/seleniumhq/selenium/selenium-edge-driver/3.141.59/selenium-edge-driver-3.141.59.jar:/home/nicholas/.m2/repository/org/seleniumhq/selenium/selenium-firefox-driver/3.141.59/selenium-firefox-driver-3.141.59.jar:/home/nicholas/.m2/repository/org/seleniumhq/selenium/selenium-ie-driver/3.141.59/selenium-ie-driver-3.141.59.jar:/home/nicholas/.m2/repository/org/seleniumhq/selenium/selenium-opera-driver/3.141.59/selenium-opera-driver-3.141.59.jar:/home/nicholas/.m2/repository/org/seleniumhq/selenium/selenium-remote-driver/3.141.59/selenium-remote-driver-3.141.59.jar:/home/nicholas/.m2/repository/org/seleniumhq/selenium/selenium-safari-driver/3.141.59/selenium-safari-driver-3.141.59.jar:/home/nicholas/.m2/repository/org/seleniumhq/selenium/selenium-support/3.141.59/selenium-support-3.141.59.jar:/home/nicholas/.m2/repository/net/bytebuddy/byte-buddy/1.8.15/byte-buddy-1.8.15.jar:/home/nicholas/.m2/repository/org/apache/commons/commons-exec/1.3/commons-exec-1.3.jar:/home/nicholas/.m2/repository/com/google/guava/guava/25.0-jre/guava-25.0-jre.jar:/home/nicholas/.m2/repository/com/google/code/findbugs/jsr305/1.3.9/jsr305-1.3.9.jar:/home/nicholas/.m2/repository/org/checkerframework/checker-compat-qual/2.0.0/checker-compat-qual-2.0.0.jar:/home/nicholas/.m2/repository/com/google/errorprone/error_prone_annotations/2.1.3/error_prone_annotations-2.1.3.jar:/home/nicholas/.m2/repository/com/google/j2objc/j2objc-annotations/1.1/j2objc-annotations-1.1.jar:/home/nicholas/.m2/repository/org/codehaus/mojo/animal-sniffer-annotations/1.14/animal-sniffer-annotations-1.14.jar:/home/nicholas/.m2/repository/com/squareup/okhttp3/okhttp/3.11.0/okhttp-3.11.0.jar:/home/nicholas/.m2/repository/com/squareup/okio/okio/1.14.0/okio-1.14.0.jar:/home/nicholas/.m2/repository/org/seleniumhq/selenium/htmlunit-driver/2.33.2/htmlunit-driver-2.33.2.jar:/home/nicholas/.m2/repository/net/sourceforge/htmlunit/htmlunit/2.33/htmlunit-2.33.jar:/home/nicholas/.m2/repository/xalan/xalan/2.7.2/xalan-2.7.2.jar:/home/nicholas/.m2/repository/xalan/serializer/2.7.2/serializer-2.7.2.jar:/home/nicholas/.m2/repository/org/apache/commons/commons-text/1.4/commons-text-1.4.jar:/home/nicholas/.m2/repository/org/apache/httpcomponents/httpmime/4.5.6/httpmime-4.5.6.jar:/home/nicholas/.m2/repository/org/apache/httpcomponents/httpclient/4.5.6/httpclient-4.5.6.jar:/home/nicholas/.m2/repository/org/apache/httpcomponents/httpcore/4.4.10/httpcore-4.4.10.jar:/home/nicholas/.m2/repository/net/sourceforge/htmlunit/htmlunit-core-js/2.33/htmlunit-core-js-2.33.jar:/home/nicholas/.m2/repository/net/sourceforge/htmlunit/neko-htmlunit/2.33/neko-htmlunit-2.33.jar:/home/nicholas/.m2/repository/xerces/xercesImpl/2.12.0/xercesImpl-2.12.0.jar:/home/nicholas/.m2/repository/xml-apis/xml-apis/1.4.01/xml-apis-1.4.01.jar:/home/nicholas/.m2/repository/net/sourceforge/htmlunit/htmlunit-cssparser/1.2.0/htmlunit-cssparser-1.2.0.jar:/home/nicholas/.m2/repository/commons-logging/commons-logging/1.2/commons-logging-1.2.jar:/home/nicholas/.m2/repository/commons-net/commons-net/3.6/commons-net-3.6.jar:/home/nicholas/.m2/repository/org/eclipse/jetty/websocket/websocket-client/9.4.12.v20180830/websocket-client-9.4.12.v20180830.jar:/home/nicholas/.m2/repository/org/eclipse/jetty/jetty-client/9.4.12.v20180830/jetty-client-9.4.12.v20180830.jar:/home/nicholas/.m2/repository/org/eclipse/jetty/jetty-http/9.4.12.v20180830/jetty-http-9.4.12.v20180830.jar:/home/nicholas/.m2/repository/org/eclipse/jetty/jetty-xml/9.4.12.v20180830/jetty-xml-9.4.12.v20180830.jar:/home/nicholas/.m2/repository/org/eclipse/jetty/jetty-util/9.4.12.v20180830/jetty-util-9.4.12.v20180830.jar:/home/nicholas/.m2/repository/org/eclipse/jetty/jetty-io/9.4.12.v20180830/jetty-io-9.4.12.v20180830.jar:/home/nicholas/.m2/repository/org/eclipse/jetty/websocket/websocket-common/9.4.12.v20180830/websocket-common-9.4.12.v20180830.jar:/home/nicholas/.m2/repository/org/eclipse/jetty/websocket/websocket-api/9.4.12.v20180830/websocket-api-9.4.12.v20180830.jar:/home/nicholas/.m2/repository/org/seleniumhq/selenium/selenium-server/3.141.59/selenium-server-3.141.59.jar:/home/nicholas/.m2/repository/com/beust/jcommander/1.72/jcommander-1.72.jar:/home/nicholas/.m2/repository/net/jcip/jcip-annotations/1.0/jcip-annotations-1.0.jar:/home/nicholas/.m2/repository/org/seleniumhq/selenium/jetty-repacked/9.4.12.v20180830/jetty-repacked-9.4.12.v20180830.jar:/home/nicholas/.m2/repository/javax/servlet/javax.servlet-api/3.1.0/javax.servlet-api-3.1.0.jar:/home/nicholas/.m2/repository/org/yaml/snakeyaml/1.19/snakeyaml-1.19.jar:/home/nicholas/.m2/repository/org/junit/jupiter/junit-jupiter-api/5.7.2/junit-jupiter-api-5.7.2.jar:/home/nicholas/.m2/repository/org/apiguardian/apiguardian-api/1.1.0/apiguardian-api-1.1.0.jar:/home/nicholas/.m2/repository/org/opentest4j/opentest4j/1.2.0/opentest4j-1.2.0.jar:/home/nicholas/.m2/repository/org/junit/platform/junit-platform-commons/1.7.2/junit-platform-commons-1.7.2.jar:/home/nicholas/.m2/repository/org/junit/jupiter/junit-jupiter-engine/5.7.2/junit-jupiter-engine-5.7.2.jar:/home/nicholas/.m2/repository/org/junit/platform/junit-platform-engine/1.7.2/junit-platform-engine-1.7.2.jar:/home/nicholas/.m2/repository/io/github/bonigarcia/webdrivermanager/4.0.0/webdrivermanager-4.0.0.jar:/home/nicholas/.m2/repository/org/slf4j/slf4j-api/1.7.30/slf4j-api-1.7.30.jar:/home/nicholas/.m2/repository/commons-io/commons-io/2.6/commons-io-2.6.jar:/home/nicholas/.m2/repository/com/google/code/gson/gson/2.8.6/gson-2.8.6.jar:/home/nicholas/.m2/repository/org/apache/commons/commons-lang3/3.10/commons-lang3-3.10.jar:/home/nicholas/.m2/repository/org/apache/httpcomponents/client5/httpclient5/5.0/httpclient5-5.0.jar:/home/nicholas/.m2/repository/org/apache/httpcomponents/core5/httpcore5/5.0/httpcore5-5.0.jar:/home/nicholas/.m2/repository/org/apache/httpcomponents/core5/httpcore5-h2/5.0/httpcore5-h2-5.0.jar:/home/nicholas/.m2/repository/commons-codec/commons-codec/1.13/commons-codec-1.13.jar:/home/nicholas/.m2/repository/org/rauschig/jarchivelib/1.0.0/jarchivelib-1.0.0.jar:/home/nicholas/.m2/repository/org/apache/commons/commons-compress/1.18/commons-compress-1.18.jar:/home/nicholas/.m2/repository/org/jsoup/jsoup/1.13.1/jsoup-1.13.1.jar:"/>
    <property name="java.vm.vendor" value="Private Build"/>
    <property name="sun.arch.data.model" value="64"/>
    <property name="java.vendor.url" value="Unknown"/>
    <property name="user.timezone" value=""/>
    <property name="java.vm.specification.version" value="11"/>
    <property name="os.name" value="Linux"/>
    <property name="sun.java.launcher" value="SUN_STANDARD"/>
    <property name="user.country" value="CA"/>
    <property name="sun.boot.library.path" value="/usr/lib/jvm/java-11-openjdk-amd64/lib"/>
    <property name="sun.java.command" value="/home/nicholas/Documents/GitHub/SEG3503_Playground/Lab6/BookstoreApp/target/surefire/surefirebooter8403759623559449309.jar /home/nicholas/Documents/GitHub/SEG3503_Playground/Lab6/BookstoreApp/target/surefire 2022-07-09T21-42-42_601-jvmRun1 surefire12287677430624335245tmp surefire_03511327321414892701tmp"/>
    <property name="jdk.debug" value="release"/>
    <property name="surefire.test.class.path" value="/home/nicholas/Documents/GitHub/SEG3503_Playground/Lab6/BookstoreApp/target/test-classes:/home/nicholas/Documents/GitHub/SEG3503_Playground/Lab6/BookstoreApp/target/classes:/home/nicholas/.m2/repository/io/cucumber/cucumber-java/4.2.6/cucumber-java-4.2.6.jar:/home/nicholas/.m2/repository/io/cucumber/cucumber-core/4.2.6/cucumber-core-4.2.6.jar:/home/nicholas/.m2/repository/io/cucumber/cucumber-html/0.2.7/cucumber-html-0.2.7.jar:/home/nicholas/.m2/repository/io/cucumber/gherkin/5.1.0/gherkin-5.1.0.jar:/home/nicholas/.m2/repository/io/cucumber/tag-expressions/1.1.1/tag-expressions-1.1.1.jar:/home/nicholas/.m2/repository/io/cucumber/cucumber-expressions/6.2.0/cucumber-expressions-6.2.0.jar:/home/nicholas/.m2/repository/io/cucumber/datatable/1.1.12/datatable-1.1.12.jar:/home/nicholas/.m2/repository/io/cucumber/datatable-dependencies/1.1.12/datatable-dependencies-1.1.12.jar:/home/nicholas/.m2/repository/io/cucumber/cucumber-junit/4.2.6/cucumber-junit-4.2.6.jar:/home/nicholas/.m2/repository/junit/junit/4.12/junit-4.12.jar:/home/nicholas/.m2/repository/org/hamcrest/hamcrest-core/1.3/hamcrest-core-1.3.jar:/home/nicholas/.m2/repository/org/seleniumhq/selenium/selenium-java/3.141.59/selenium-java-3.141.59.jar:/home/nicholas/.m2/repository/org/seleniumhq/selenium/selenium-api/3.141.59/selenium-api-3.141.59.jar:/home/nicholas/.m2/repository/org/seleniumhq/selenium/selenium-chrome-driver/3.141.59/selenium-chrome-driver-3.141.59.jar:/home/nicholas/.m2/repository/org/seleniumhq/selenium/selenium-edge-driver/3.141.59/selenium-edge-driver-3.141.59.jar:/home/nicholas/.m2/repository/org/seleniumhq/selenium/selenium-firefox-driver/3.141.59/selenium-firefox-driver-3.141.59.jar:/home/nicholas/.m2/repository/org/seleniumhq/selenium/selenium-ie-driver/3.141.59/selenium-ie-driver-3.141.59.jar:/home/nicholas/.m2/repository/org/seleniumhq/selenium/selenium-opera-driver/3.141.59/selenium-opera-driver-3.141.59.jar:/home/nicholas/.m2/repository/org/seleniumhq/selenium/selenium-remote-driver/3.141.59/selenium-remote-driver-3.141.59.jar:/home/nicholas/.m2/repository/org/seleniumhq/selenium/selenium-safari-driver/3.141.59/selenium-safari-driver-3.141.59.jar:/home/nicholas/.m2/repository/org/seleniumhq/selenium/selenium-support/3.141.59/selenium-support-3.141.59.jar:/home/nicholas/.m2/repository/net/bytebuddy/byte-buddy/1.8.15/byte-buddy-1.8.15.jar:/home/nicholas/.m2/repository/org/apache/commons/commons-exec/1.3/commons-exec-1.3.jar:/home/nicholas/.m2/repository/com/google/guava/guava/25.0-jre/guava-25.0-jre.jar:/home/nicholas/.m2/repository/com/google/code/findbugs/jsr305/1.3.9/jsr305-1.3.9.jar:/home/nicholas/.m2/repository/org/checkerframework/checker-compat-qual/2.0.0/checker-compat-qual-2.0.0.jar:/home/nicholas/.m2/repository/com/google/errorprone/error_prone_annotations/2.1.3/error_prone_annotations-2.1.3.jar:/home/nicholas/.m2/repository/com/google/j2objc/j2objc-annotations/1.1/j2objc-annotations-1.1.jar:/home/nicholas/.m2/repository/org/codehaus/mojo/animal-sniffer-annotations/1.14/animal-sniffer-annotations-1.14.jar:/home/nicholas/.m2/repository/com/squareup/okhttp3/okhttp/3.11.0/okhttp-3.11.0.jar:/home/nicholas/.m2/repository/com/squareup/okio/okio/1.14.0/okio-1.14.0.jar:/home/nicholas/.m2/repository/org/seleniumhq/selenium/htmlunit-driver/2.33.2/htmlunit-driver-2.33.2.jar:/home/nicholas/.m2/repository/net/sourceforge/htmlunit/htmlunit/2.33/htmlunit-2.33.jar:/home/nicholas/.m2/repository/xalan/xalan/2.7.2/xalan-2.7.2.jar:/home/nicholas/.m2/repository/xalan/serializer/2.7.2/serializer-2.7.2.jar:/home/nicholas/.m2/repository/org/apache/commons/commons-text/1.4/commons-text-1.4.jar:/home/nicholas/.m2/repository/org/apache/httpcomponents/httpmime/4.5.6/httpmime-4.5.6.jar:/home/nicholas/.m2/repository/org/apache/httpcomponents/httpclient/4.5.6/httpclient-4.5.6.jar:/home/nicholas/.m2/repository/org/apache/httpcomponents/httpcore/4.4.10/httpcore-4.4.10.jar:/home/nicholas/.m2/repository/net/sourceforge/htmlunit/htmlunit-core-js/2.33/htmlunit-core-js-2.33.jar:/home/nicholas/.m2/repository/net/sourceforge/htmlunit/neko-htmlunit/2.33/neko-htmlunit-2.33.jar:/home/nicholas/.m2/repository/xerces/xercesImpl/2.12.0/xercesImpl-2.12.0.jar:/home/nicholas/.m2/repository/xml-apis/xml-apis/1.4.01/xml-apis-1.4.01.jar:/home/nicholas/.m2/repository/net/sourceforge/htmlunit/htmlunit-cssparser/1.2.0/htmlunit-cssparser-1.2.0.jar:/home/nicholas/.m2/repository/commons-logging/commons-logging/1.2/commons-logging-1.2.jar:/home/nicholas/.m2/repository/commons-net/commons-net/3.6/commons-net-3.6.jar:/home/nicholas/.m2/repository/org/eclipse/jetty/websocket/websocket-client/9.4.12.v20180830/websocket-client-9.4.12.v20180830.jar:/home/nicholas/.m2/repository/org/eclipse/jetty/jetty-client/9.4.12.v20180830/jetty-client-9.4.12.v20180830.jar:/home/nicholas/.m2/repository/org/eclipse/jetty/jetty-http/9.4.12.v20180830/jetty-http-9.4.12.v20180830.jar:/home/nicholas/.m2/repository/org/eclipse/jetty/jetty-xml/9.4.12.v20180830/jetty-xml-9.4.12.v20180830.jar:/home/nicholas/.m2/repository/org/eclipse/jetty/jetty-util/9.4.12.v20180830/jetty-util-9.4.12.v20180830.jar:/home/nicholas/.m2/repository/org/eclipse/jetty/jetty-io/9.4.12.v20180830/jetty-io-9.4.12.v20180830.jar:/home/nicholas/.m2/repository/org/eclipse/jetty/websocket/websocket-common/9.4.12.v20180830/websocket-common-9.4.12.v20180830.jar:/home/nicholas/.m2/repository/org/eclipse/jetty/websocket/websocket-api/9.4.12.v20180830/websocket-api-9.4.12.v20180830.jar:/home/nicholas/.m2/repository/org/seleniumhq/selenium/selenium-server/3.141.59/selenium-server-3.141.59.jar:/home/nicholas/.m2/repository/com/beust/jcommander/1.72/jcommander-1.72.jar:/home/nicholas/.m2/repository/net/jcip/jcip-annotations/1.0/jcip-annotations-1.0.jar:/home/nicholas/.m2/repository/org/seleniumhq/selenium/jetty-repacked/9.4.12.v20180830/jetty-repacked-9.4.12.v20180830.jar:/home/nicholas/.m2/repository/javax/servlet/javax.servlet-api/3.1.0/javax.servlet-api-3.1.0.jar:/home/nicholas/.m2/repository/org/yaml/snakeyaml/1.19/snakeyaml-1.19.jar:/home/nicholas/.m2/repository/org/junit/jupiter/junit-jupiter-api/5.7.2/junit-jupiter-api-5.7.2.jar:/home/nicholas/.m2/repository/org/apiguardian/apiguardian-api/1.1.0/apiguardian-api-1.1.0.jar:/home/nicholas/.m2/repository/org/opentest4j/opentest4j/1.2.0/opentest4j-1.2.0.jar:/home/nicholas/.m2/repository/org/junit/platform/junit-platform-commons/1.7.2/junit-platform-commons-1.7.2.jar:/home/nicholas/.m2/repository/org/junit/jupiter/junit-jupiter-engine/5.7.2/junit-jupiter-engine-5.7.2.jar:/home/nicholas/.m2/repository/org/junit/platform/junit-platform-engine/1.7.2/junit-platform-engine-1.7.2.jar:/home/nicholas/.m2/repository/io/github/bonigarcia/webdrivermanager/4.0.0/webdrivermanager-4.0.0.jar:/home/nicholas/.m2/repository/org/slf4j/slf4j-api/1.7.30/slf4j-api-1.7.30.jar:/home/nicholas/.m2/repository/commons-io/commons-io/2.6/commons-io-2.6.jar:/home/nicholas/.m2/repository/com/google/code/gson/gson/2.8.6/gson-2.8.6.jar:/home/nicholas/.m2/repository/org/apache/commons/commons-lang3/3.10/commons-lang3-3.10.jar:/home/nicholas/.m2/repository/org/apache/httpcomponents/client5/httpclient5/5.0/httpclient5-5.0.jar:/home/nicholas/.m2/repository/org/apache/httpcomponents/core5/httpcore5/5.0/httpcore5-5.0.jar:/home/nicholas/.m2/repository/org/apache/httpcomponents/core5/httpcore5-h2/5.0/httpcore5-h2-5.0.jar:/home/nicholas/.m2/repository/commons-codec/commons-codec/1.13/commons-codec-1.13.jar:/home/nicholas/.m2/repository/org/rauschig/jarchivelib/1.0.0/jarchivelib-1.0.0.jar:/home/nicholas/.m2/repository/org/apache/commons/commons-compress/1.18/commons-compress-1.18.jar:/home/nicholas/.m2/repository/org/jsoup/jsoup/1.13.1/jsoup-1.13.1.jar:"/>
    <property name="sun.cpu.endian" value="little"/>
    <property name="user.home" value="/home/nicholas"/>
    <property name="user.language" value="en"/>
    <property name="java.specification.vendor" value="Oracle Corporation"/>
    <property name="java.version.date" value="2022-04-19"/>
    <property name="java.home" value="/usr/lib/jvm/java-11-openjdk-amd64"/>
    <property name="file.separator" value="/"/>
    <property name="basedir" value="/home/nicholas/Documents/GitHub/SEG3503_Playground/Lab6/BookstoreApp"/>
    <property name="java.vm.compressedOopsMode" value="32-bit"/>
    <property name="line.separator" value="&#10;"/>
    <property name="java.specification.name" value="Java Platform API Specification"/>
    <property name="java.vm.specification.vendor" value="Oracle Corporation"/>
    <property name="java.awt.graphicsenv" value="sun.awt.X11GraphicsEnvironment"/>
    <property name="surefire.real.class.path" value="/home/nicholas/Documents/GitHub/SEG3503_Playground/Lab6/BookstoreApp/target/surefire/surefirebooter8403759623559449309.jar"/>
    <property name="sun.management.compiler" value="HotSpot 64-Bit Tiered Compilers"/>
    <property name="java.runtime.version" value="11.0.15+10-Ubuntu-0ubuntu0.22.04.1"/>
    <property name="user.name" value="nicholas"/>
    <property name="path.separator" value=":"/>
    <property name="os.version" value="5.15.0-39-generic"/>
    <property name="java.runtime.name" value="OpenJDK Runtime Environment"/>
    <property name="file.encoding" value="UTF-8"/>
    <property name="java.vm.name" value="OpenJDK 64-Bit Server VM"/>
    <property name="localRepository" value="/home/nicholas/.m2/repository"/>
    <property name="java.vendor.url.bug" value="Unknown"/>
    <property name="java.io.tmpdir" value="/tmp"/>
    <property name="java.version" value="11.0.15"/>
    <property name="user.dir" value="/home/nicholas/Documents/GitHub/SEG3503_Playground/Lab6/BookstoreApp"/>
    <property name="os.arch" value="amd64"/>
    <property name="java.vm.specification.name" value="Java Virtual Machine Specification"/>
    <property name="java.awt.printerjob" value="sun.print.PSPrinterJob"/>
    <property name="sun.os.patch.level" value="unknown"/>
    <property name="java.library.path" value="/usr/java/packages/lib:/usr/lib/x86_64-linux-gnu/jni:/lib/x86_64-linux-gnu:/usr/lib/x86_64-linux-gnu:/usr/lib/jni:/lib:/usr/lib"/>
    <property name="java.vm.info" value="mixed mode, sharing"/>
    <property name="java.vendor" value="Private Build"/>
    <property name="java.vm.version" value="11.0.15+10-Ubuntu-0ubuntu0.22.04.1"/>
    <property name="sun.io.unicode.encoding" value="UnicodeLittle"/>
    <property name="java.class.version" value="55.0"/>
  </properties>
  <testcase name="test1" classname="selenium.ExampleSeleniumTest" time="2.82">
    <error message="unknown error: net::ERR_CONNECTION_REFUSED&#10;  (Session info: chrome=103.0.5060.114)&#10;Build info: version: &apos;3.141.59&apos;, revision: &apos;e82be7d358&apos;, time: &apos;2018-11-14T08:17:03&apos;&#10;System info: host: &apos;nicholas-virtual-machine&apos;, ip: &apos;127.0.1.1&apos;, os.name: &apos;Linux&apos;, os.arch: &apos;amd64&apos;, os.version: &apos;5.15.0-39-generic&apos;, java.version: &apos;11.0.15&apos;&#10;Driver info: org.openqa.selenium.chrome.ChromeDriver&#10;Capabilities {acceptInsecureCerts: false, browserName: chrome, browserVersion: 103.0.5060.114, chrome: {chromedriverVersion: 103.0.5060.53 (a1711811edd7..., userDataDir: /tmp/.com.google.Chrome.q1B5FH}, goog:chromeOptions: {debuggerAddress: localhost:45157}, javascriptEnabled: true, networkConnectionEnabled: false, pageLoadStrategy: normal, platform: LINUX, platformName: LINUX, proxy: Proxy(), setWindowRect: true, strictFileInteractability: false, timeouts: {implicit: 0, pageLoad: 300000, script: 30000}, unhandledPromptBehavior: dismiss and notify, webauthn:extension:credBlob: true, webauthn:extension:largeBlob: true, webauthn:virtualAuthenticators: true}&#10;Session ID: 3791566044b2ee5c02d0dbfb8cdc1505" type="org.openqa.selenium.WebDriverException">org.openqa.selenium.WebDriverException: 
unknown error: net::ERR_CONNECTION_REFUSED
  (Session info: chrome=103.0.5060.114)
Build info: version: '3.141.59', revision: 'e82be7d358', time: '2018-11-14T08:17:03'
System info: host: 'nicholas-virtual-machine', ip: '127.0.1.1', os.name: 'Linux', os.arch: 'amd64', os.version: '5.15.0-39-generic', java.version: '11.0.15'
Driver info: org.openqa.selenium.chrome.ChromeDriver
Capabilities {acceptInsecureCerts: false, browserName: chrome, browserVersion: 103.0.5060.114, chrome: {chromedriverVersion: 103.0.5060.53 (a1711811edd7..., userDataDir: /tmp/.com.google.Chrome.q1B5FH}, goog:chromeOptions: {debuggerAddress: localhost:45157}, javascriptEnabled: true, networkConnectionEnabled: false, pageLoadStrategy: normal, platform: LINUX, platformName: LINUX, proxy: Proxy(), setWindowRect: true, strictFileInteractability: false, timeouts: {implicit: 0, pageLoad: 300000, script: 30000}, unhandledPromptBehavior: dismiss and notify, webauthn:extension:credBlob: true, webauthn:extension:largeBlob: true, webauthn:virtualAuthenticators: true}
Session ID: 3791566044b2ee5c02d0dbfb8cdc1505
	at selenium.ExampleSeleniumTest.setUp(ExampleSeleniumTest.java:39)
</error>
    <system-err><![CDATA[SLF4J: Failed to load class "org.slf4j.impl.StaticLoggerBinder".
SLF4J: Defaulting to no-operation (NOP) logger implementation
SLF4J: See http://www.slf4j.org/codes.html#StaticLoggerBinder for further details.
Starting ChromeDriver 103.0.5060.53 (a1711811edd74ff1cf2150f36ffa3b0dae40b17f-refs/branch-heads/5060@{#853}) on port 21916
Only local connections are allowed.
Please see https://chromedriver.chromium.org/security-considerations for suggestions on keeping ChromeDriver safe.
ChromeDriver was started successfully.
Jul. 09, 2022 9:42:45 P.M. org.openqa.selenium.remote.ProtocolHandshake createSession
INFO: Detected dialect: W3C
]]></system-err>
  </testcase>
  <testcase name="test2" classname="selenium.ExampleSeleniumTest" time="1.78">
    <error message="unknown error: net::ERR_CONNECTION_REFUSED&#10;  (Session info: chrome=103.0.5060.114)&#10;Build info: version: &apos;3.141.59&apos;, revision: &apos;e82be7d358&apos;, time: &apos;2018-11-14T08:17:03&apos;&#10;System info: host: &apos;nicholas-virtual-machine&apos;, ip: &apos;127.0.1.1&apos;, os.name: &apos;Linux&apos;, os.arch: &apos;amd64&apos;, os.version: &apos;5.15.0-39-generic&apos;, java.version: &apos;11.0.15&apos;&#10;Driver info: org.openqa.selenium.chrome.ChromeDriver&#10;Capabilities {acceptInsecureCerts: false, browserName: chrome, browserVersion: 103.0.5060.114, chrome: {chromedriverVersion: 103.0.5060.53 (a1711811edd7..., userDataDir: /tmp/.com.google.Chrome.xxdbnR}, goog:chromeOptions: {debuggerAddress: localhost:41245}, javascriptEnabled: true, networkConnectionEnabled: false, pageLoadStrategy: normal, platform: LINUX, platformName: LINUX, proxy: Proxy(), setWindowRect: true, strictFileInteractability: false, timeouts: {implicit: 0, pageLoad: 300000, script: 30000}, unhandledPromptBehavior: dismiss and notify, webauthn:extension:credBlob: true, webauthn:extension:largeBlob: true, webauthn:virtualAuthenticators: true}&#10;Session ID: b0ce207673209e6e333a4b4d62b5fa8a" type="org.openqa.selenium.WebDriverException">org.openqa.selenium.WebDriverException: 
unknown error: net::ERR_CONNECTION_REFUSED
  (Session info: chrome=103.0.5060.114)
Build info: version: '3.141.59', revision: 'e82be7d358', time: '2018-11-14T08:17:03'
System info: host: 'nicholas-virtual-machine', ip: '127.0.1.1', os.name: 'Linux', os.arch: 'amd64', os.version: '5.15.0-39-generic', java.version: '11.0.15'
Driver info: org.openqa.selenium.chrome.ChromeDriver
Capabilities {acceptInsecureCerts: false, browserName: chrome, browserVersion: 103.0.5060.114, chrome: {chromedriverVersion: 103.0.5060.53 (a1711811edd7..., userDataDir: /tmp/.com.google.Chrome.xxdbnR}, goog:chromeOptions: {debuggerAddress: localhost:41245}, javascriptEnabled: true, networkConnectionEnabled: false, pageLoadStrategy: normal, platform: LINUX, platformName: LINUX, proxy: Proxy(), setWindowRect: true, strictFileInteractability: false, timeouts: {implicit: 0, pageLoad: 300000, script: 30000}, unhandledPromptBehavior: dismiss and notify, webauthn:extension:credBlob: true, webauthn:extension:largeBlob: true, webauthn:virtualAuthenticators: true}
Session ID: b0ce207673209e6e333a4b4d62b5fa8a
	at selenium.ExampleSeleniumTest.setUp(ExampleSeleniumTest.java:39)
</error>
    <system-err><![CDATA[Starting ChromeDriver 103.0.5060.53 (a1711811edd74ff1cf2150f36ffa3b0dae40b17f-refs/branch-heads/5060@{#853}) on port 1596
Only local connections are allowed.
Please see https://chromedriver.chromium.org/security-considerations for suggestions on keeping ChromeDriver safe.
ChromeDriver was started successfully.
Jul. 09, 2022 9:42:47 P.M. org.openqa.selenium.remote.ProtocolHandshake createSession
INFO: Detected dialect: W3C
]]></system-err>
  </testcase>
  <testcase name="test3" classname="selenium.ExampleSeleniumTest" time="1.623">
    <error message="unknown error: net::ERR_CONNECTION_REFUSED&#10;  (Session info: chrome=103.0.5060.114)&#10;Build info: version: &apos;3.141.59&apos;, revision: &apos;e82be7d358&apos;, time: &apos;2018-11-14T08:17:03&apos;&#10;System info: host: &apos;nicholas-virtual-machine&apos;, ip: &apos;127.0.1.1&apos;, os.name: &apos;Linux&apos;, os.arch: &apos;amd64&apos;, os.version: &apos;5.15.0-39-generic&apos;, java.version: &apos;11.0.15&apos;&#10;Driver info: org.openqa.selenium.chrome.ChromeDriver&#10;Capabilities {acceptInsecureCerts: false, browserName: chrome, browserVersion: 103.0.5060.114, chrome: {chromedriverVersion: 103.0.5060.53 (a1711811edd7..., userDataDir: /tmp/.com.google.Chrome.QPOXcH}, goog:chromeOptions: {debuggerAddress: localhost:36415}, javascriptEnabled: true, networkConnectionEnabled: false, pageLoadStrategy: normal, platform: LINUX, platformName: LINUX, proxy: Proxy(), setWindowRect: true, strictFileInteractability: false, timeouts: {implicit: 0, pageLoad: 300000, script: 30000}, unhandledPromptBehavior: dismiss and notify, webauthn:extension:credBlob: true, webauthn:extension:largeBlob: true, webauthn:virtualAuthenticators: true}&#10;Session ID: fa79f411c415541725b2458ee579e6f5" type="org.openqa.selenium.WebDriverException">org.openqa.selenium.WebDriverException: 
unknown error: net::ERR_CONNECTION_REFUSED
  (Session info: chrome=103.0.5060.114)
Build info: version: '3.141.59', revision: 'e82be7d358', time: '2018-11-14T08:17:03'
System info: host: 'nicholas-virtual-machine', ip: '127.0.1.1', os.name: 'Linux', os.arch: 'amd64', os.version: '5.15.0-39-generic', java.version: '11.0.15'
Driver info: org.openqa.selenium.chrome.ChromeDriver
Capabilities {acceptInsecureCerts: false, browserName: chrome, browserVersion: 103.0.5060.114, chrome: {chromedriverVersion: 103.0.5060.53 (a1711811edd7..., userDataDir: /tmp/.com.google.Chrome.QPOXcH}, goog:chromeOptions: {debuggerAddress: localhost:36415}, javascriptEnabled: true, networkConnectionEnabled: false, pageLoadStrategy: normal, platform: LINUX, platformName: LINUX, proxy: Proxy(), setWindowRect: true, strictFileInteractability: false, timeouts: {implicit: 0, pageLoad: 300000, script: 30000}, unhandledPromptBehavior: dismiss and notify, webauthn:extension:credBlob: true, webauthn:extension:largeBlob: true, webauthn:virtualAuthenticators: true}
Session ID: fa79f411c415541725b2458ee579e6f5
	at selenium.ExampleSeleniumTest.setUp(ExampleSeleniumTest.java:39)
</error>
    <system-err><![CDATA[Starting ChromeDriver 103.0.5060.53 (a1711811edd74ff1cf2150f36ffa3b0dae40b17f-refs/branch-heads/5060@{#853}) on port 32744
Only local connections are allowed.
Please see https://chromedriver.chromium.org/security-considerations for suggestions on keeping ChromeDriver safe.
ChromeDriver was started successfully.
Jul. 09, 2022 9:42:49 P.M. org.openqa.selenium.remote.ProtocolHandshake createSession
INFO: Detected dialect: W3C
]]></system-err>
  </testcase>
</testsuite>